<?xml version="1.0" encoding="UTF-8" ?>
<testsuites>
<testsuite name="analyseSentiment" errors="0" tests="7" failures="7" time="0.004" timestamp="2014-12-18T15:29:39">
  <testcase classname="analyseSentiment" name="doesn&amp;apos;t process text with no specified language" time="0"><failure type="expect" message="ReferenceError: mockNolang is not defined">ReferenceError: mockNolang is not defined
    at null.&amp;lt;anonymous&amp;gt; (/Users/NoxAir/Development/makers-academy/final-project/mapp/spec/node/sentimentSpec.js:7:29)
    at jasmine.Block.execute (/Users/NoxAir/Development/makers-academy/final-project/mapp/node_modules/grunt-jasmine-node/node_modules/jasmine-node/lib/jasmine-node/jasmine-1.3.1.js:1064:17)
    at jasmine.Queue.next_ (/Users/NoxAir/Development/makers-academy/final-project/mapp/node_modules/grunt-jasmine-node/node_modules/jasmine-node/lib/jasmine-node/jasmine-1.3.1.js:2096:31)
    at jasmine.Queue.start (/Users/NoxAir/Development/makers-academy/final-project/mapp/node_modules/grunt-jasmine-node/node_modules/jasmine-node/lib/jasmine-node/jasmine-1.3.1.js:2049:8)
    at jasmine.Spec.execute (/Users/NoxAir/Development/makers-academy/final-project/mapp/node_modules/grunt-jasmine-node/node_modules/jasmine-node/lib/jasmine-node/jasmine-1.3.1.js:2376:14)
    at jasmine.Queue.next_ (/Users/NoxAir/Development/makers-academy/final-project/mapp/node_modules/grunt-jasmine-node/node_modules/jasmine-node/lib/jasmine-node/jasmine-1.3.1.js:2096:31)
    at jasmine.Queue.start (/Users/NoxAir/Development/makers-academy/final-project/mapp/node_modules/grunt-jasmine-node/node_modules/jasmine-node/lib/jasmine-node/jasmine-1.3.1.js:2049:8)
    at jasmine.Suite.execute (/Users/NoxAir/Development/makers-academy/final-project/mapp/node_modules/grunt-jasmine-node/node_modules/jasmine-node/lib/jasmine-node/jasmine-1.3.1.js:2521:14)
    at jasmine.Queue.next_ (/Users/NoxAir/Development/makers-academy/final-project/mapp/node_modules/grunt-jasmine-node/node_modules/jasmine-node/lib/jasmine-node/jasmine-1.3.1.js:2096:31)
    at onComplete (/Users/NoxAir/Development/makers-academy/final-project/mapp/node_modules/grunt-jasmine-node/node_modules/jasmine-node/lib/jasmine-node/jasmine-1.3.1.js:2092:18)</failure></testcase>
  <testcase classname="analyseSentiment" name="returns an array containing arrays containing the text and its mood value when text includes &amp;apos;accepting&amp;apos;" time="0"><failure type="expect" message="ReferenceError: mockAccepting is not defined">ReferenceError: mockAccepting is not defined
    at null.&amp;lt;anonymous&amp;gt; (/Users/NoxAir/Development/makers-academy/final-project/mapp/spec/node/sentimentSpec.js:11:27)
    at jasmine.Block.execute (/Users/NoxAir/Development/makers-academy/final-project/mapp/node_modules/grunt-jasmine-node/node_modules/jasmine-node/lib/jasmine-node/jasmine-1.3.1.js:1064:17)
    at jasmine.Queue.next_ (/Users/NoxAir/Development/makers-academy/final-project/mapp/node_modules/grunt-jasmine-node/node_modules/jasmine-node/lib/jasmine-node/jasmine-1.3.1.js:2096:31)
    at jasmine.Queue.start (/Users/NoxAir/Development/makers-academy/final-project/mapp/node_modules/grunt-jasmine-node/node_modules/jasmine-node/lib/jasmine-node/jasmine-1.3.1.js:2049:8)
    at jasmine.Spec.execute (/Users/NoxAir/Development/makers-academy/final-project/mapp/node_modules/grunt-jasmine-node/node_modules/jasmine-node/lib/jasmine-node/jasmine-1.3.1.js:2376:14)
    at jasmine.Queue.next_ (/Users/NoxAir/Development/makers-academy/final-project/mapp/node_modules/grunt-jasmine-node/node_modules/jasmine-node/lib/jasmine-node/jasmine-1.3.1.js:2096:31)
    at jasmine.Queue.start (/Users/NoxAir/Development/makers-academy/final-project/mapp/node_modules/grunt-jasmine-node/node_modules/jasmine-node/lib/jasmine-node/jasmine-1.3.1.js:2049:8)
    at jasmine.Suite.execute (/Users/NoxAir/Development/makers-academy/final-project/mapp/node_modules/grunt-jasmine-node/node_modules/jasmine-node/lib/jasmine-node/jasmine-1.3.1.js:2521:14)
    at jasmine.Queue.next_ (/Users/NoxAir/Development/makers-academy/final-project/mapp/node_modules/grunt-jasmine-node/node_modules/jasmine-node/lib/jasmine-node/jasmine-1.3.1.js:2096:31)
    at onComplete (/Users/NoxAir/Development/makers-academy/final-project/mapp/node_modules/grunt-jasmine-node/node_modules/jasmine-node/lib/jasmine-node/jasmine-1.3.1.js:2092:18)</failure></testcase>
  <testcase classname="analyseSentiment" name="returns 3 when text includes &amp;apos;happy&amp;apos;" time="0.001"><failure type="expect" message="ReferenceError: mockHappy is not defined">ReferenceError: mockHappy is not defined
    at null.&amp;lt;anonymous&amp;gt; (/Users/NoxAir/Development/makers-academy/final-project/mapp/spec/node/sentimentSpec.js:15:27)
    at jasmine.Block.execute (/Users/NoxAir/Development/makers-academy/final-project/mapp/node_modules/grunt-jasmine-node/node_modules/jasmine-node/lib/jasmine-node/jasmine-1.3.1.js:1064:17)
    at jasmine.Queue.next_ (/Users/NoxAir/Development/makers-academy/final-project/mapp/node_modules/grunt-jasmine-node/node_modules/jasmine-node/lib/jasmine-node/jasmine-1.3.1.js:2096:31)
    at jasmine.Queue.start (/Users/NoxAir/Development/makers-academy/final-project/mapp/node_modules/grunt-jasmine-node/node_modules/jasmine-node/lib/jasmine-node/jasmine-1.3.1.js:2049:8)
    at jasmine.Spec.execute (/Users/NoxAir/Development/makers-academy/final-project/mapp/node_modules/grunt-jasmine-node/node_modules/jasmine-node/lib/jasmine-node/jasmine-1.3.1.js:2376:14)
    at jasmine.Queue.next_ (/Users/NoxAir/Development/makers-academy/final-project/mapp/node_modules/grunt-jasmine-node/node_modules/jasmine-node/lib/jasmine-node/jasmine-1.3.1.js:2096:31)
    at jasmine.Queue.start (/Users/NoxAir/Development/makers-academy/final-project/mapp/node_modules/grunt-jasmine-node/node_modules/jasmine-node/lib/jasmine-node/jasmine-1.3.1.js:2049:8)
    at jasmine.Suite.execute (/Users/NoxAir/Development/makers-academy/final-project/mapp/node_modules/grunt-jasmine-node/node_modules/jasmine-node/lib/jasmine-node/jasmine-1.3.1.js:2521:14)
    at jasmine.Queue.next_ (/Users/NoxAir/Development/makers-academy/final-project/mapp/node_modules/grunt-jasmine-node/node_modules/jasmine-node/lib/jasmine-node/jasmine-1.3.1.js:2096:31)
    at onComplete (/Users/NoxAir/Development/makers-academy/final-project/mapp/node_modules/grunt-jasmine-node/node_modules/jasmine-node/lib/jasmine-node/jasmine-1.3.1.js:2092:18)</failure></testcase>
  <testcase classname="analyseSentiment" name="returns -2 when text includes &amp;apos;sad&amp;apos;" time="0.001"><failure type="expect" message="ReferenceError: mockSad is not defined">ReferenceError: mockSad is not defined
    at null.&amp;lt;anonymous&amp;gt; (/Users/NoxAir/Development/makers-academy/final-project/mapp/spec/node/sentimentSpec.js:19:27)
    at jasmine.Block.execute (/Users/NoxAir/Development/makers-academy/final-project/mapp/node_modules/grunt-jasmine-node/node_modules/jasmine-node/lib/jasmine-node/jasmine-1.3.1.js:1064:17)
    at jasmine.Queue.next_ (/Users/NoxAir/Development/makers-academy/final-project/mapp/node_modules/grunt-jasmine-node/node_modules/jasmine-node/lib/jasmine-node/jasmine-1.3.1.js:2096:31)
    at jasmine.Queue.start (/Users/NoxAir/Development/makers-academy/final-project/mapp/node_modules/grunt-jasmine-node/node_modules/jasmine-node/lib/jasmine-node/jasmine-1.3.1.js:2049:8)
    at jasmine.Spec.execute (/Users/NoxAir/Development/makers-academy/final-project/mapp/node_modules/grunt-jasmine-node/node_modules/jasmine-node/lib/jasmine-node/jasmine-1.3.1.js:2376:14)
    at jasmine.Queue.next_ (/Users/NoxAir/Development/makers-academy/final-project/mapp/node_modules/grunt-jasmine-node/node_modules/jasmine-node/lib/jasmine-node/jasmine-1.3.1.js:2096:31)
    at jasmine.Queue.start (/Users/NoxAir/Development/makers-academy/final-project/mapp/node_modules/grunt-jasmine-node/node_modules/jasmine-node/lib/jasmine-node/jasmine-1.3.1.js:2049:8)
    at jasmine.Suite.execute (/Users/NoxAir/Development/makers-academy/final-project/mapp/node_modules/grunt-jasmine-node/node_modules/jasmine-node/lib/jasmine-node/jasmine-1.3.1.js:2521:14)
    at jasmine.Queue.next_ (/Users/NoxAir/Development/makers-academy/final-project/mapp/node_modules/grunt-jasmine-node/node_modules/jasmine-node/lib/jasmine-node/jasmine-1.3.1.js:2096:31)
    at onComplete (/Users/NoxAir/Development/makers-academy/final-project/mapp/node_modules/grunt-jasmine-node/node_modules/jasmine-node/lib/jasmine-node/jasmine-1.3.1.js:2092:18)</failure></testcase>
  <testcase classname="analyseSentiment" name="returns 0 if text includes &amp;apos;torture&amp;apos;, &amp;apos;happy&amp;apos;, and &amp;apos;accepting&amp;apos;" time="0"><failure type="expect" message="ReferenceError: mockWeird is not defined">ReferenceError: mockWeird is not defined
    at null.&amp;lt;anonymous&amp;gt; (/Users/NoxAir/Development/makers-academy/final-project/mapp/spec/node/sentimentSpec.js:23:27)
    at jasmine.Block.execute (/Users/NoxAir/Development/makers-academy/final-project/mapp/node_modules/grunt-jasmine-node/node_modules/jasmine-node/lib/jasmine-node/jasmine-1.3.1.js:1064:17)
    at jasmine.Queue.next_ (/Users/NoxAir/Development/makers-academy/final-project/mapp/node_modules/grunt-jasmine-node/node_modules/jasmine-node/lib/jasmine-node/jasmine-1.3.1.js:2096:31)
    at jasmine.Queue.start (/Users/NoxAir/Development/makers-academy/final-project/mapp/node_modules/grunt-jasmine-node/node_modules/jasmine-node/lib/jasmine-node/jasmine-1.3.1.js:2049:8)
    at jasmine.Spec.execute (/Users/NoxAir/Development/makers-academy/final-project/mapp/node_modules/grunt-jasmine-node/node_modules/jasmine-node/lib/jasmine-node/jasmine-1.3.1.js:2376:14)
    at jasmine.Queue.next_ (/Users/NoxAir/Development/makers-academy/final-project/mapp/node_modules/grunt-jasmine-node/node_modules/jasmine-node/lib/jasmine-node/jasmine-1.3.1.js:2096:31)
    at jasmine.Queue.start (/Users/NoxAir/Development/makers-academy/final-project/mapp/node_modules/grunt-jasmine-node/node_modules/jasmine-node/lib/jasmine-node/jasmine-1.3.1.js:2049:8)
    at jasmine.Suite.execute (/Users/NoxAir/Development/makers-academy/final-project/mapp/node_modules/grunt-jasmine-node/node_modules/jasmine-node/lib/jasmine-node/jasmine-1.3.1.js:2521:14)
    at jasmine.Queue.next_ (/Users/NoxAir/Development/makers-academy/final-project/mapp/node_modules/grunt-jasmine-node/node_modules/jasmine-node/lib/jasmine-node/jasmine-1.3.1.js:2096:31)
    at onComplete (/Users/NoxAir/Development/makers-academy/final-project/mapp/node_modules/grunt-jasmine-node/node_modules/jasmine-node/lib/jasmine-node/jasmine-1.3.1.js:2092:18)</failure></testcase>
  <testcase classname="analyseSentiment" name="analyses a Spanish tweet" time="0.001"><failure type="expect" message="ReferenceError: mockSpanish is not defined">ReferenceError: mockSpanish is not defined
    at null.&amp;lt;anonymous&amp;gt; (/Users/NoxAir/Development/makers-academy/final-project/mapp/spec/node/sentimentSpec.js:27:27)
    at jasmine.Block.execute (/Users/NoxAir/Development/makers-academy/final-project/mapp/node_modules/grunt-jasmine-node/node_modules/jasmine-node/lib/jasmine-node/jasmine-1.3.1.js:1064:17)
    at jasmine.Queue.next_ (/Users/NoxAir/Development/makers-academy/final-project/mapp/node_modules/grunt-jasmine-node/node_modules/jasmine-node/lib/jasmine-node/jasmine-1.3.1.js:2096:31)
    at jasmine.Queue.start (/Users/NoxAir/Development/makers-academy/final-project/mapp/node_modules/grunt-jasmine-node/node_modules/jasmine-node/lib/jasmine-node/jasmine-1.3.1.js:2049:8)
    at jasmine.Spec.execute (/Users/NoxAir/Development/makers-academy/final-project/mapp/node_modules/grunt-jasmine-node/node_modules/jasmine-node/lib/jasmine-node/jasmine-1.3.1.js:2376:14)
    at jasmine.Queue.next_ (/Users/NoxAir/Development/makers-academy/final-project/mapp/node_modules/grunt-jasmine-node/node_modules/jasmine-node/lib/jasmine-node/jasmine-1.3.1.js:2096:31)
    at jasmine.Queue.start (/Users/NoxAir/Development/makers-academy/final-project/mapp/node_modules/grunt-jasmine-node/node_modules/jasmine-node/lib/jasmine-node/jasmine-1.3.1.js:2049:8)
    at jasmine.Suite.execute (/Users/NoxAir/Development/makers-academy/final-project/mapp/node_modules/grunt-jasmine-node/node_modules/jasmine-node/lib/jasmine-node/jasmine-1.3.1.js:2521:14)
    at jasmine.Queue.next_ (/Users/NoxAir/Development/makers-academy/final-project/mapp/node_modules/grunt-jasmine-node/node_modules/jasmine-node/lib/jasmine-node/jasmine-1.3.1.js:2096:31)
    at onComplete (/Users/NoxAir/Development/makers-academy/final-project/mapp/node_modules/grunt-jasmine-node/node_modules/jasmine-node/lib/jasmine-node/jasmine-1.3.1.js:2092:18)</failure></testcase>
  <testcase classname="analyseSentiment" name="analyses a Turkish tweet" time="0"><failure type="expect" message="ReferenceError: mockTurkish is not defined">ReferenceError: mockTurkish is not defined
    at null.&amp;lt;anonymous&amp;gt; (/Users/NoxAir/Development/makers-academy/final-project/mapp/spec/node/sentimentSpec.js:31:27)
    at jasmine.Block.execute (/Users/NoxAir/Development/makers-academy/final-project/mapp/node_modules/grunt-jasmine-node/node_modules/jasmine-node/lib/jasmine-node/jasmine-1.3.1.js:1064:17)
    at jasmine.Queue.next_ (/Users/NoxAir/Development/makers-academy/final-project/mapp/node_modules/grunt-jasmine-node/node_modules/jasmine-node/lib/jasmine-node/jasmine-1.3.1.js:2096:31)
    at jasmine.Queue.start (/Users/NoxAir/Development/makers-academy/final-project/mapp/node_modules/grunt-jasmine-node/node_modules/jasmine-node/lib/jasmine-node/jasmine-1.3.1.js:2049:8)
    at jasmine.Spec.execute (/Users/NoxAir/Development/makers-academy/final-project/mapp/node_modules/grunt-jasmine-node/node_modules/jasmine-node/lib/jasmine-node/jasmine-1.3.1.js:2376:14)
    at jasmine.Queue.next_ (/Users/NoxAir/Development/makers-academy/final-project/mapp/node_modules/grunt-jasmine-node/node_modules/jasmine-node/lib/jasmine-node/jasmine-1.3.1.js:2096:31)
    at jasmine.Queue.start (/Users/NoxAir/Development/makers-academy/final-project/mapp/node_modules/grunt-jasmine-node/node_modules/jasmine-node/lib/jasmine-node/jasmine-1.3.1.js:2049:8)
    at jasmine.Suite.execute (/Users/NoxAir/Development/makers-academy/final-project/mapp/node_modules/grunt-jasmine-node/node_modules/jasmine-node/lib/jasmine-node/jasmine-1.3.1.js:2521:14)
    at jasmine.Queue.next_ (/Users/NoxAir/Development/makers-academy/final-project/mapp/node_modules/grunt-jasmine-node/node_modules/jasmine-node/lib/jasmine-node/jasmine-1.3.1.js:2096:31)
    at onComplete (/Users/NoxAir/Development/makers-academy/final-project/mapp/node_modules/grunt-jasmine-node/node_modules/jasmine-node/lib/jasmine-node/jasmine-1.3.1.js:2092:18)</failure></testcase>
</testsuite>
</testsuites>